c:\users\徐梦丽\source\repos\primerproject\primerproject\debug\vc141.pdb
c:\users\徐梦丽\source\repos\primerproject\primerproject\debug\vc141.idb
c:\users\徐梦丽\source\repos\primerproject\primerproject\debug\studyclass.obj
c:\users\徐梦丽\source\repos\primerproject\primerproject\debug\primerproject.obj
c:\users\徐梦丽\source\repos\primerproject\primerproject\debug\shiliang.obj
c:\users\徐梦丽\source\repos\primerproject\primerproject\debug\primerproject.pch
c:\users\徐梦丽\source\repos\primerproject\primerproject\debug\stdafx.obj
c:\users\徐梦丽\source\repos\primerproject\primerproject\debug\classmemory.obj
e:\gitword\primerproject\primerproject\debug\primerproject.pch
e:\gitword\primerproject\primerproject\debug\vc141.pdb
e:\gitword\primerproject\primerproject\debug\vc141.idb
e:\gitword\primerproject\primerproject\debug\stdafx.obj
e:\gitword\primerproject\primerproject\debug\studyclass.obj
e:\gitword\primerproject\primerproject\debug\shiliang.obj
e:\gitword\primerproject\primerproject\debug\primerproject.obj
e:\gitword\primerproject\primerproject\debug\classmemory.obj
c:\users\徐梦丽\source\repos\primerproject\debug\primerproject.exe
c:\users\徐梦丽\source\repos\primerproject\debug\primerproject.ilk
c:\users\徐梦丽\source\repos\primerproject\debug\primerproject.pdb
e:\gitword\primerproject\debug\primerproject.exe
e:\gitword\primerproject\debug\primerproject.ilk
e:\gitword\primerproject\debug\primerproject.pdb
e:\gitword\primerproject\primerproject\debug\primerproject.obj.enc
e:\gitword\primerproject\primerproject\debug\primerproject.tlog\cl.command.1.tlog
e:\gitword\primerproject\primerproject\debug\primerproject.tlog\cl.read.1.tlog
e:\gitword\primerproject\primerproject\debug\primerproject.tlog\cl.write.1.tlog
e:\gitword\primerproject\primerproject\debug\primerproject.tlog\link.command.1.tlog
e:\gitword\primerproject\primerproject\debug\primerproject.tlog\link.read.1.tlog
e:\gitword\primerproject\primerproject\debug\primerproject.tlog\link.write.1.tlog
